<?xml version="1.0" encoding="UTF-8"?>
<!-- Generated by org.testng.reporters.JUnitReportReporter -->
<testsuite skipped="0" hostname="DESKTOP-Q68S5II" name="scripts.TestScripts" tests="8" failures="0" timestamp="2020-10-28T22:30:59 CDT" time="400.879" errors="0">
  <testcase name="PurchaseSmall" time="49.610" classname="scripts.TestScripts"/>
  <system-out>
Title is matching: My Store  </system-out>
  <testcase name="purchasemedium" time="48.606" classname="scripts.TestScripts"/>
  <system-out/>
  <testcase name="purchaselarge" time="48.469" classname="scripts.TestScripts"/>
  <system-out/>
  <testcase name="dresscasualdresssmallsize" time="73.538" classname="scripts.TestScripts"/>
  <system-out/>
  <testcase name="dresscasualdressmediumsize" time="69.082" classname="scripts.TestScripts"/>
  <system-out/>
  <testcase name="dresscasualdressLargesize" time="62.648" classname="scripts.TestScripts"/>
  <system-out/>
  <testcase name="ClickMyAddress" time="25.624" classname="scripts.TestScripts"/>
  <system-out/>
  <testcase name="ClickMyPersonalInfo" time="23.302" classname="scripts.TestScripts"/>
  <system-out/>
</testsuite> <!-- scripts.TestScripts -->
