<?xml version="1.0" encoding="UTF-8"?>
<!-- Generated by org.testng.reporters.JUnitReportReporter -->
<testsuite hostname="DESKTOP-Q68S5II" name="scripts.TestScripts" tests="8" failures="0" timestamp="29 Oct 2020 03:40:37 GMT" time="390.931" errors="0">
  <testcase name="purchaselarge" time="47.666" classname="scripts.TestScripts"/>
  <testcase name="dresscasualdressmediumsize" time="69.811" classname="scripts.TestScripts"/>
  <testcase name="ClickMyAddress" time="23.372" classname="scripts.TestScripts"/>
  <testcase name="purchasemedium" time="46.794" classname="scripts.TestScripts"/>
  <testcase name="PurchaseSmall" time="48.089" classname="scripts.TestScripts"/>
  <testcase name="dresscasualdressLargesize" time="62.334" classname="scripts.TestScripts"/>
  <testcase name="dresscasualdresssmallsize" time="69.842" classname="scripts.TestScripts"/>
  <testcase name="ClickMyPersonalInfo" time="23.023" classname="scripts.TestScripts"/>
</testsuite> <!-- scripts.TestScripts -->
